[2025-03-26 19:59:02] ERROR: Error creating directory '/test_directory/processed': No such file or directory @ dir_s_mkdir - /test_directory/processed
[2025-03-26 19:59:02] BACKTRACE: /home/jeff/.rbenv/versions/3.1.2/lib/ruby/gems/3.1.0/gems/rspec-mocks-3.13.2/lib/rspec/mocks/message_expectation.rb:143:in `mkdir'
/home/jeff/.rbenv/versions/3.1.2/lib/ruby/gems/3.1.0/gems/rspec-mocks-3.13.2/lib/rspec/mocks/message_expectation.rb:143:in `call'
/home/jeff/.rbenv/versions/3.1.2/lib/ruby/gems/3.1.0/gems/rspec-mocks-3.13.2/lib/rspec/mocks/message_expectation.rb:143:in `block in and_call_original'
/home/jeff/.rbenv/versions/3.1.2/lib/ruby/gems/3.1.0/gems/rspec-mocks-3.13.2/lib/rspec/mocks/message_expectation.rb:809:in `call'
/home/jeff/.rbenv/versions/3.1.2/lib/ruby/gems/3.1.0/gems/rspec-mocks-3.13.2/lib/rspec/mocks/message_expectation.rb:621:in `invoke_incrementing_actual_calls_by'
/home/jeff/.rbenv/versions/3.1.2/lib/ruby/gems/3.1.0/gems/rspec-mocks-3.13.2/lib/rspec/mocks/message_expectation.rb:474:in `invoke'
/home/jeff/.rbenv/versions/3.1.2/lib/ruby/gems/3.1.0/gems/rspec-mocks-3.13.2/lib/rspec/mocks/proxy.rb:206:in `message_received'
/home/jeff/.rbenv/versions/3.1.2/lib/ruby/gems/3.1.0/gems/rspec-mocks-3.13.2/lib/rspec/mocks/proxy.rb:358:in `message_received'
/home/jeff/.rbenv/versions/3.1.2/lib/ruby/gems/3.1.0/gems/rspec-mocks-3.13.2/lib/rspec/mocks/method_double.rb:98:in `proxy_method_invoked'
/home/jeff/.rbenv/versions/3.1.2/lib/ruby/gems/3.1.0/gems/rspec-mocks-3.13.2/lib/rspec/mocks/verifying_proxy.rb:161:in `proxy_method_invoked'
/home/jeff/.rbenv/versions/3.1.2/lib/ruby/gems/3.1.0/gems/rspec-mocks-3.13.2/lib/rspec/mocks/method_double.rb:74:in `block (2 levels) in define_proxy_method'
/home/jeff/RubymineProjects/orgpng/lib/command_line_app.rb:24:in `setup_processed_folder'
/home/jeff/RubymineProjects/orgpng/lib/command_line_app.rb:18:in `initialize'
/home/jeff/RubymineProjects/orgpng/spec/command_line_app_spec.rb:12:in `new'
/home/jeff/RubymineProjects/orgpng/spec/command_line_app_spec.rb:12:in `block (2 levels) in <top (required)>'
/home/jeff/.rbenv/versions/3.1.2/lib/ruby/gems/3.1.0/gems/rspec-core-3.13.3/lib/rspec/core/memoized_helpers.rb:343:in `block (2 levels) in let'
/home/jeff/.rbenv/versions/3.1.2/lib/ruby/gems/3.1.0/gems/rspec-core-3.13.3/lib/rspec/core/memoized_helpers.rb:179:in `block (3 levels) in fetch_or_store'
/home/jeff/.rbenv/versions/3.1.2/lib/ruby/gems/3.1.0/gems/rspec-core-3.13.3/lib/rspec/core/memoized_helpers.rb:179:in `fetch'
/home/jeff/.rbenv/versions/3.1.2/lib/ruby/gems/3.1.0/gems/rspec-core-3.13.3/lib/rspec/core/memoized_helpers.rb:179:in `block (2 levels) in fetch_or_store'
/home/jeff/.rbenv/versions/3.1.2/lib/ruby/gems/3.1.0/gems/rspec-support-3.13.2/lib/rspec/support/reentrant_mutex.rb:25:in `synchronize'
/home/jeff/.rbenv/versions/3.1.2/lib/ruby/gems/3.1.0/gems/rspec-core-3.13.3/lib/rspec/core/memoized_helpers.rb:178:in `block in fetch_or_store'
/home/jeff/.rbenv/versions/3.1.2/lib/ruby/gems/3.1.0/gems/rspec-core-3.13.3/lib/rspec/core/memoized_helpers.rb:177:in `fetch'
/home/jeff/.rbenv/versions/3.1.2/lib/ruby/gems/3.1.0/gems/rspec-core-3.13.3/lib/rspec/core/memoized_helpers.rb:177:in `fetch_or_store'
/home/jeff/.rbenv/versions/3.1.2/lib/ruby/gems/3.1.0/gems/rspec-core-3.13.3/lib/rspec/core/memoized_helpers.rb:343:in `block in let'
/home/jeff/RubymineProjects/orgpng/spec/command_line_app_spec.rb:27:in `block (4 levels) in <top (required)>'
/home/jeff/.rbenv/versions/3.1.2/lib/ruby/gems/3.1.0/gems/rspec-core-3.13.3/lib/rspec/core/example.rb:263:in `instance_exec'
/home/jeff/.rbenv/versions/3.1.2/lib/ruby/gems/3.1.0/gems/rspec-core-3.13.3/lib/rspec/core/example.rb:263:in `block in run'
/home/jeff/.rbenv/versions/3.1.2/lib/ruby/gems/3.1.0/gems/rspec-core-3.13.3/lib/rspec/core/example.rb:511:in `block in with_around_and_singleton_context_hooks'
/home/jeff/.rbenv/versions/3.1.2/lib/ruby/gems/3.1.0/gems/rspec-core-3.13.3/lib/rspec/core/example.rb:468:in `block in with_around_example_hooks'
/home/jeff/.rbenv/versions/3.1.2/lib/ruby/gems/3.1.0/gems/rspec-core-3.13.3/lib/rspec/core/hooks.rb:486:in `block in run'
/home/jeff/.rbenv/versions/3.1.2/lib/ruby/gems/3.1.0/gems/rspec-core-3.13.3/lib/rspec/core/hooks.rb:624:in `run_around_example_hooks_for'
/home/jeff/.rbenv/versions/3.1.2/lib/ruby/gems/3.1.0/gems/rspec-core-3.13.3/lib/rspec/core/hooks.rb:486:in `run'
/home/jeff/.rbenv/versions/3.1.2/lib/ruby/gems/3.1.0/gems/rspec-core-3.13.3/lib/rspec/core/example.rb:468:in `with_around_example_hooks'
/home/jeff/.rbenv/versions/3.1.2/lib/ruby/gems/3.1.0/gems/rspec-core-3.13.3/lib/rspec/core/example.rb:511:in `with_around_and_singleton_context_hooks'
/home/jeff/.rbenv/versions/3.1.2/lib/ruby/gems/3.1.0/gems/rspec-core-3.13.3/lib/rspec/core/example.rb:259:in `run'
/home/jeff/.rbenv/versions/3.1.2/lib/ruby/gems/3.1.0/gems/rspec-core-3.13.3/lib/rspec/core/example_group.rb:646:in `block in run_examples'
/home/jeff/.rbenv/versions/3.1.2/lib/ruby/gems/3.1.0/gems/rspec-core-3.13.3/lib/rspec/core/example_group.rb:642:in `map'
/home/jeff/.rbenv/versions/3.1.2/lib/ruby/gems/3.1.0/gems/rspec-core-3.13.3/lib/rspec/core/example_group.rb:642:in `run_examples'
/home/jeff/.rbenv/versions/3.1.2/lib/ruby/gems/3.1.0/gems/rspec-core-3.13.3/lib/rspec/core/example_group.rb:607:in `run'
/home/jeff/.rbenv/versions/3.1.2/lib/ruby/gems/3.1.0/gems/rspec-core-3.13.3/lib/rspec/core/example_group.rb:608:in `block in run'
/home/jeff/.rbenv/versions/3.1.2/lib/ruby/gems/3.1.0/gems/rspec-core-3.13.3/lib/rspec/core/example_group.rb:608:in `map'
/home/jeff/.rbenv/versions/3.1.2/lib/ruby/gems/3.1.0/gems/rspec-core-3.13.3/lib/rspec/core/example_group.rb:608:in `run'
/home/jeff/.rbenv/versions/3.1.2/lib/ruby/gems/3.1.0/gems/rspec-core-3.13.3/lib/rspec/core/example_group.rb:608:in `block in run'
/home/jeff/.rbenv/versions/3.1.2/lib/ruby/gems/3.1.0/gems/rspec-core-3.13.3/lib/rspec/core/example_group.rb:608:in `map'
/home/jeff/.rbenv/versions/3.1.2/lib/ruby/gems/3.1.0/gems/rspec-core-3.13.3/lib/rspec/core/example_group.rb:608:in `run'
/home/jeff/.rbenv/versions/3.1.2/lib/ruby/gems/3.1.0/gems/rspec-core-3.13.3/lib/rspec/core/runner.rb:121:in `block (3 levels) in run_specs'
/home/jeff/.rbenv/versions/3.1.2/lib/ruby/gems/3.1.0/gems/rspec-core-3.13.3/lib/rspec/core/runner.rb:121:in `map'
/home/jeff/.rbenv/versions/3.1.2/lib/ruby/gems/3.1.0/gems/rspec-core-3.13.3/lib/rspec/core/runner.rb:121:in `block (2 levels) in run_specs'
/home/jeff/.rbenv/versions/3.1.2/lib/ruby/gems/3.1.0/gems/rspec-core-3.13.3/lib/rspec/core/configuration.rb:2097:in `with_suite_hooks'
/home/jeff/.rbenv/versions/3.1.2/lib/ruby/gems/3.1.0/gems/rspec-core-3.13.3/lib/rspec/core/runner.rb:116:in `block in run_specs'
/home/jeff/.rbenv/versions/3.1.2/lib/ruby/gems/3.1.0/gems/rspec-core-3.13.3/lib/rspec/core/reporter.rb:74:in `report'
/home/jeff/.rbenv/versions/3.1.2/lib/ruby/gems/3.1.0/gems/rspec-core-3.13.3/lib/rspec/core/runner.rb:115:in `run_specs'
/home/jeff/.rbenv/versions/3.1.2/lib/ruby/gems/3.1.0/gems/rspec-core-3.13.3/lib/rspec/core/runner.rb:89:in `run'
/home/jeff/.rbenv/versions/3.1.2/lib/ruby/gems/3.1.0/gems/rspec-core-3.13.3/lib/rspec/core/runner.rb:71:in `run'
/home/jeff/.rbenv/versions/3.1.2/lib/ruby/gems/3.1.0/gems/rspec-core-3.13.3/lib/rspec/core/runner.rb:45:in `invoke'
/home/jeff/.rbenv/versions/3.1.2/lib/ruby/gems/3.1.0/gems/rspec-core-3.13.3/exe/rspec:4:in `<top (required)>'
/home/jeff/.rbenv/versions/3.1.2/bin/rspec:25:in `load'
/home/jeff/.rbenv/versions/3.1.2/bin/rspec:25:in `<main>'
[2025-03-26 20:00:11] ERROR: Error creating directory '/test_directory/processed': No such file or directory @ dir_s_mkdir - /test_directory/processed
[2025-03-26 20:00:11] BACKTRACE: /home/jeff/.rbenv/versions/3.1.2/lib/ruby/gems/3.1.0/gems/rspec-mocks-3.13.2/lib/rspec/mocks/message_expectation.rb:143:in `mkdir'
/home/jeff/.rbenv/versions/3.1.2/lib/ruby/gems/3.1.0/gems/rspec-mocks-3.13.2/lib/rspec/mocks/message_expectation.rb:143:in `call'
/home/jeff/.rbenv/versions/3.1.2/lib/ruby/gems/3.1.0/gems/rspec-mocks-3.13.2/lib/rspec/mocks/message_expectation.rb:143:in `block in and_call_original'
/home/jeff/.rbenv/versions/3.1.2/lib/ruby/gems/3.1.0/gems/rspec-mocks-3.13.2/lib/rspec/mocks/message_expectation.rb:809:in `call'
/home/jeff/.rbenv/versions/3.1.2/lib/ruby/gems/3.1.0/gems/rspec-mocks-3.13.2/lib/rspec/mocks/message_expectation.rb:621:in `invoke_incrementing_actual_calls_by'
/home/jeff/.rbenv/versions/3.1.2/lib/ruby/gems/3.1.0/gems/rspec-mocks-3.13.2/lib/rspec/mocks/message_expectation.rb:474:in `invoke'
/home/jeff/.rbenv/versions/3.1.2/lib/ruby/gems/3.1.0/gems/rspec-mocks-3.13.2/lib/rspec/mocks/proxy.rb:206:in `message_received'
/home/jeff/.rbenv/versions/3.1.2/lib/ruby/gems/3.1.0/gems/rspec-mocks-3.13.2/lib/rspec/mocks/proxy.rb:358:in `message_received'
/home/jeff/.rbenv/versions/3.1.2/lib/ruby/gems/3.1.0/gems/rspec-mocks-3.13.2/lib/rspec/mocks/method_double.rb:98:in `proxy_method_invoked'
/home/jeff/.rbenv/versions/3.1.2/lib/ruby/gems/3.1.0/gems/rspec-mocks-3.13.2/lib/rspec/mocks/verifying_proxy.rb:161:in `proxy_method_invoked'
/home/jeff/.rbenv/versions/3.1.2/lib/ruby/gems/3.1.0/gems/rspec-mocks-3.13.2/lib/rspec/mocks/method_double.rb:74:in `block (2 levels) in define_proxy_method'
/home/jeff/RubymineProjects/orgpng/lib/command_line_app.rb:24:in `setup_processed_folder'
/home/jeff/RubymineProjects/orgpng/lib/command_line_app.rb:18:in `initialize'
/home/jeff/RubymineProjects/orgpng/spec/command_line_app_spec.rb:12:in `new'
/home/jeff/RubymineProjects/orgpng/spec/command_line_app_spec.rb:12:in `block (2 levels) in <top (required)>'
/home/jeff/.rbenv/versions/3.1.2/lib/ruby/gems/3.1.0/gems/rspec-core-3.13.3/lib/rspec/core/memoized_helpers.rb:343:in `block (2 levels) in let'
/home/jeff/.rbenv/versions/3.1.2/lib/ruby/gems/3.1.0/gems/rspec-core-3.13.3/lib/rspec/core/memoized_helpers.rb:179:in `block (3 levels) in fetch_or_store'
/home/jeff/.rbenv/versions/3.1.2/lib/ruby/gems/3.1.0/gems/rspec-core-3.13.3/lib/rspec/core/memoized_helpers.rb:179:in `fetch'
/home/jeff/.rbenv/versions/3.1.2/lib/ruby/gems/3.1.0/gems/rspec-core-3.13.3/lib/rspec/core/memoized_helpers.rb:179:in `block (2 levels) in fetch_or_store'
/home/jeff/.rbenv/versions/3.1.2/lib/ruby/gems/3.1.0/gems/rspec-support-3.13.2/lib/rspec/support/reentrant_mutex.rb:25:in `synchronize'
/home/jeff/.rbenv/versions/3.1.2/lib/ruby/gems/3.1.0/gems/rspec-core-3.13.3/lib/rspec/core/memoized_helpers.rb:178:in `block in fetch_or_store'
/home/jeff/.rbenv/versions/3.1.2/lib/ruby/gems/3.1.0/gems/rspec-core-3.13.3/lib/rspec/core/memoized_helpers.rb:177:in `fetch'
/home/jeff/.rbenv/versions/3.1.2/lib/ruby/gems/3.1.0/gems/rspec-core-3.13.3/lib/rspec/core/memoized_helpers.rb:177:in `fetch_or_store'
/home/jeff/.rbenv/versions/3.1.2/lib/ruby/gems/3.1.0/gems/rspec-core-3.13.3/lib/rspec/core/memoized_helpers.rb:343:in `block in let'
/home/jeff/RubymineProjects/orgpng/spec/command_line_app_spec.rb:27:in `block (4 levels) in <top (required)>'
/home/jeff/.rbenv/versions/3.1.2/lib/ruby/gems/3.1.0/gems/rspec-core-3.13.3/lib/rspec/core/example.rb:263:in `instance_exec'
/home/jeff/.rbenv/versions/3.1.2/lib/ruby/gems/3.1.0/gems/rspec-core-3.13.3/lib/rspec/core/example.rb:263:in `block in run'
/home/jeff/.rbenv/versions/3.1.2/lib/ruby/gems/3.1.0/gems/rspec-core-3.13.3/lib/rspec/core/example.rb:511:in `block in with_around_and_singleton_context_hooks'
/home/jeff/.rbenv/versions/3.1.2/lib/ruby/gems/3.1.0/gems/rspec-core-3.13.3/lib/rspec/core/example.rb:468:in `block in with_around_example_hooks'
/home/jeff/.rbenv/versions/3.1.2/lib/ruby/gems/3.1.0/gems/rspec-core-3.13.3/lib/rspec/core/hooks.rb:486:in `block in run'
/home/jeff/.rbenv/versions/3.1.2/lib/ruby/gems/3.1.0/gems/rspec-core-3.13.3/lib/rspec/core/hooks.rb:624:in `run_around_example_hooks_for'
/home/jeff/.rbenv/versions/3.1.2/lib/ruby/gems/3.1.0/gems/rspec-core-3.13.3/lib/rspec/core/hooks.rb:486:in `run'
/home/jeff/.rbenv/versions/3.1.2/lib/ruby/gems/3.1.0/gems/rspec-core-3.13.3/lib/rspec/core/example.rb:468:in `with_around_example_hooks'
/home/jeff/.rbenv/versions/3.1.2/lib/ruby/gems/3.1.0/gems/rspec-core-3.13.3/lib/rspec/core/example.rb:511:in `with_around_and_singleton_context_hooks'
/home/jeff/.rbenv/versions/3.1.2/lib/ruby/gems/3.1.0/gems/rspec-core-3.13.3/lib/rspec/core/example.rb:259:in `run'
/home/jeff/.rbenv/versions/3.1.2/lib/ruby/gems/3.1.0/gems/rspec-core-3.13.3/lib/rspec/core/example_group.rb:646:in `block in run_examples'
/home/jeff/.rbenv/versions/3.1.2/lib/ruby/gems/3.1.0/gems/rspec-core-3.13.3/lib/rspec/core/example_group.rb:642:in `map'
/home/jeff/.rbenv/versions/3.1.2/lib/ruby/gems/3.1.0/gems/rspec-core-3.13.3/lib/rspec/core/example_group.rb:642:in `run_examples'
/home/jeff/.rbenv/versions/3.1.2/lib/ruby/gems/3.1.0/gems/rspec-core-3.13.3/lib/rspec/core/example_group.rb:607:in `run'
/home/jeff/.rbenv/versions/3.1.2/lib/ruby/gems/3.1.0/gems/rspec-core-3.13.3/lib/rspec/core/example_group.rb:608:in `block in run'
/home/jeff/.rbenv/versions/3.1.2/lib/ruby/gems/3.1.0/gems/rspec-core-3.13.3/lib/rspec/core/example_group.rb:608:in `map'
/home/jeff/.rbenv/versions/3.1.2/lib/ruby/gems/3.1.0/gems/rspec-core-3.13.3/lib/rspec/core/example_group.rb:608:in `run'
/home/jeff/.rbenv/versions/3.1.2/lib/ruby/gems/3.1.0/gems/rspec-core-3.13.3/lib/rspec/core/example_group.rb:608:in `block in run'
/home/jeff/.rbenv/versions/3.1.2/lib/ruby/gems/3.1.0/gems/rspec-core-3.13.3/lib/rspec/core/example_group.rb:608:in `map'
/home/jeff/.rbenv/versions/3.1.2/lib/ruby/gems/3.1.0/gems/rspec-core-3.13.3/lib/rspec/core/example_group.rb:608:in `run'
/home/jeff/.rbenv/versions/3.1.2/lib/ruby/gems/3.1.0/gems/rspec-core-3.13.3/lib/rspec/core/runner.rb:121:in `block (3 levels) in run_specs'
/home/jeff/.rbenv/versions/3.1.2/lib/ruby/gems/3.1.0/gems/rspec-core-3.13.3/lib/rspec/core/runner.rb:121:in `map'
/home/jeff/.rbenv/versions/3.1.2/lib/ruby/gems/3.1.0/gems/rspec-core-3.13.3/lib/rspec/core/runner.rb:121:in `block (2 levels) in run_specs'
/home/jeff/.rbenv/versions/3.1.2/lib/ruby/gems/3.1.0/gems/rspec-core-3.13.3/lib/rspec/core/configuration.rb:2097:in `with_suite_hooks'
/home/jeff/.rbenv/versions/3.1.2/lib/ruby/gems/3.1.0/gems/rspec-core-3.13.3/lib/rspec/core/runner.rb:116:in `block in run_specs'
/home/jeff/.rbenv/versions/3.1.2/lib/ruby/gems/3.1.0/gems/rspec-core-3.13.3/lib/rspec/core/reporter.rb:74:in `report'
/home/jeff/.rbenv/versions/3.1.2/lib/ruby/gems/3.1.0/gems/rspec-core-3.13.3/lib/rspec/core/runner.rb:115:in `run_specs'
/home/jeff/.rbenv/versions/3.1.2/lib/ruby/gems/3.1.0/gems/rspec-core-3.13.3/lib/rspec/core/runner.rb:89:in `run'
/home/jeff/.rbenv/versions/3.1.2/lib/ruby/gems/3.1.0/gems/rspec-core-3.13.3/lib/rspec/core/runner.rb:71:in `run'
/home/jeff/.rbenv/versions/3.1.2/lib/ruby/gems/3.1.0/gems/rspec-core-3.13.3/lib/rspec/core/runner.rb:45:in `invoke'
/home/jeff/.rbenv/versions/3.1.2/lib/ruby/gems/3.1.0/gems/rspec-core-3.13.3/exe/rspec:4:in `<top (required)>'
/home/jeff/.rbenv/versions/3.1.2/bin/rspec:25:in `load'
/home/jeff/.rbenv/versions/3.1.2/bin/rspec:25:in `<main>'
